<?xml version="1.0" encoding="UTF-8"?>
<!-- Generated by org.testng.reporters.JUnitReportReporter -->
<testsuite skipped="0" hostname="Balaji" name="com.tieto.test.LoginTest" tests="1" failures="0" timestamp="2020-07-03T16:39:23 IST" time="12.239" errors="0">
  <testcase name="checkLinkCountTest" time="12.239" classname="com.tieto.test.LoginTest"/>
  <system-out/>
</testsuite> <!-- com.tieto.test.LoginTest -->
